This file contains any messages produced by compilers while
running configure, to aid debugging if configure makes a mistake.

It was created by wdict configure 0.1, which was
generated by GNU Autoconf 2.69.  Invocation command line was

  $ /home/wiky/Documents/CODE/Bazaar/wdict/configure --enable-maintainer-mode CFLAGS=-g -O0 CXXFLAGS=-g -O0 JFLAGS=-g -O0 FFLAGS=-g -O0

## --------- ##
## Platform. ##
## --------- ##

hostname = thunder
uname -m = x86_64
uname -r = 3.11.0-19-generic
uname -s = Linux
uname -v = #33-Ubuntu SMP Tue Mar 11 18:48:34 UTC 2014

/usr/bin/uname -p = unknown
/bin/uname -X     = unknown

/bin/arch              = unknown
/usr/bin/arch -k       = unknown
/usr/convex/getsysinfo = unknown
/usr/bin/hostinfo      = unknown
/bin/machine           = unknown
/usr/bin/oslevel       = unknown
/bin/universe          = unknown

PATH: /home/wiky/bin
PATH: /usr/lib/lightdm/lightdm
PATH: /usr/local/sbin
PATH: /usr/local/bin
PATH: /usr/sbin
PATH: /usr/bin
PATH: /sbin
PATH: /bin
PATH: /usr/games
PATH: /usr/local/games


## ----------- ##
## Core tests. ##
## ----------- ##

configure:2314: checking for a BSD-compatible install
configure:2382: result: /usr/bin/install -c
configure:2393: checking whether build environment is sane
configure:2448: result: yes
configure:2599: checking for a thread-safe mkdir -p
configure:2638: result: /bin/mkdir -p
configure:2645: checking for gawk
configure:2661: found /usr/bin/gawk
configure:2672: result: gawk
configure:2683: checking whether make sets $(MAKE)
configure:2705: result: yes
configure:2734: checking whether make supports nested variables
configure:2751: result: yes
configure:2847: checking whether make supports nested variables
configure:2864: result: yes
configure:2924: checking for gcc
configure:2940: found /usr/bin/gcc
configure:2951: result: gcc
configure:3180: checking for C compiler version
configure:3189: gcc --version >&5
gcc (Ubuntu/Linaro 4.8.1-10ubuntu9) 4.8.1
Copyright (C) 2013 Free Software Foundation, Inc.
This is free software; see the source for copying conditions.  There is NO
warranty; not even for MERCHANTABILITY or FITNESS FOR A PARTICULAR PURPOSE.

configure:3200: $? = 0
configure:3189: gcc -v >&5
Using built-in specs.
COLLECT_GCC=gcc
COLLECT_LTO_WRAPPER=/usr/lib/gcc/x86_64-linux-gnu/4.8/lto-wrapper
Target: x86_64-linux-gnu
Configured with: ../src/configure -v --with-pkgversion='Ubuntu/Linaro 4.8.1-10ubuntu9' --with-bugurl=file:///usr/share/doc/gcc-4.8/README.Bugs --enable-languages=c,c++,java,go,d,fortran,objc,obj-c++ --prefix=/usr --program-suffix=-4.8 --enable-shared --enable-linker-build-id --libexecdir=/usr/lib --without-included-gettext --enable-threads=posix --with-gxx-include-dir=/usr/include/c++/4.8 --libdir=/usr/lib --enable-nls --with-sysroot=/ --enable-clocale=gnu --enable-libstdcxx-debug --enable-libstdcxx-time=yes --enable-gnu-unique-object --enable-plugin --with-system-zlib --disable-browser-plugin --enable-java-awt=gtk --enable-gtk-cairo --with-java-home=/usr/lib/jvm/java-1.5.0-gcj-4.8-amd64/jre --enable-java-home --with-jvm-root-dir=/usr/lib/jvm/java-1.5.0-gcj-4.8-amd64 --with-jvm-jar-dir=/usr/lib/jvm-exports/java-1.5.0-gcj-4.8-amd64 --with-arch-directory=amd64 --with-ecj-jar=/usr/share/java/eclipse-ecj.jar --enable-objc-gc --enable-multiarch --disable-werror --with-arch-32=i686 --with-abi=m64 --with-multilib-list=m32,m64,mx32 --with-tune=generic --enable-checking=release --build=x86_64-linux-gnu --host=x86_64-linux-gnu --target=x86_64-linux-gnu
Thread model: posix
gcc version 4.8.1 (Ubuntu/Linaro 4.8.1-10ubuntu9) 
configure:3200: $? = 0
configure:3189: gcc -V >&5
gcc: error: unrecognized command line option '-V'
gcc: fatal error: no input files
compilation terminated.
configure:3200: $? = 4
configure:3189: gcc -qversion >&5
gcc: error: unrecognized command line option '-qversion'
gcc: fatal error: no input files
compilation terminated.
configure:3200: $? = 4
configure:3220: checking whether the C compiler works
configure:3242: gcc -g -O0   conftest.c  >&5
configure:3246: $? = 0
configure:3294: result: yes
configure:3297: checking for C compiler default output file name
configure:3299: result: a.out
configure:3305: checking for suffix of executables
configure:3312: gcc -o conftest -g -O0   conftest.c  >&5
configure:3316: $? = 0
configure:3338: result: 
configure:3360: checking whether we are cross compiling
configure:3368: gcc -o conftest -g -O0   conftest.c  >&5
configure:3372: $? = 0
configure:3379: ./conftest
configure:3383: $? = 0
configure:3398: result: no
configure:3403: checking for suffix of object files
configure:3425: gcc -c -g -O0  conftest.c >&5
configure:3429: $? = 0
configure:3450: result: o
configure:3454: checking whether we are using the GNU C compiler
configure:3473: gcc -c -g -O0  conftest.c >&5
configure:3473: $? = 0
configure:3482: result: yes
configure:3491: checking whether gcc accepts -g
configure:3511: gcc -c -g  conftest.c >&5
configure:3511: $? = 0
configure:3552: result: yes
configure:3569: checking for gcc option to accept ISO C89
configure:3632: gcc  -c -g -O0  conftest.c >&5
configure:3632: $? = 0
configure:3645: result: none needed
configure:3676: checking for style of include used by make
configure:3704: result: GNU
configure:3730: checking dependency style of gcc
configure:3841: result: gcc3
configure:3861: checking whether NLS is requested
configure:3870: result: yes
configure:3889: checking for intltool >= 0.35.0
configure:3891: result: 0.50.2 found
configure:3899: checking for intltool-update
configure:3917: found /usr/bin/intltool-update
configure:3929: result: /usr/bin/intltool-update
configure:3939: checking for intltool-merge
configure:3957: found /usr/bin/intltool-merge
configure:3969: result: /usr/bin/intltool-merge
configure:3979: checking for intltool-extract
configure:3997: found /usr/bin/intltool-extract
configure:4009: result: /usr/bin/intltool-extract
configure:4163: checking for xgettext
configure:4181: found /usr/bin/xgettext
configure:4193: result: /usr/bin/xgettext
configure:4203: checking for msgmerge
configure:4221: found /usr/bin/msgmerge
configure:4233: result: /usr/bin/msgmerge
configure:4243: checking for msgfmt
configure:4261: found /usr/bin/msgfmt
configure:4273: result: /usr/bin/msgfmt
configure:4283: checking for gmsgfmt
configure:4314: result: /usr/bin/msgfmt
configure:4334: checking for perl
configure:4352: found /usr/bin/perl
configure:4364: result: /usr/bin/perl
configure:4375: checking for perl >= 5.8.1
configure:4382: result: 5.14.2
configure:4386: checking for XML::Parser
configure:4389: result: ok
configure:4414: gcc -o conftest -g -O0   conftest.c  >&5
configure:4414: $? = 0
configure:4454: checking how to run the C preprocessor
configure:4485: gcc -E  conftest.c
configure:4485: $? = 0
configure:4499: gcc -E  conftest.c
conftest.c:12:28: fatal error: ac_nonexistent.h: No such file or directory
 #include <ac_nonexistent.h>
                            ^
compilation terminated.
configure:4499: $? = 1
configure: failed program was:
| /* confdefs.h */
| #define PACKAGE_NAME "wdict"
| #define PACKAGE_TARNAME "wdict"
| #define PACKAGE_VERSION "0.1"
| #define PACKAGE_STRING "wdict 0.1"
| #define PACKAGE_BUGREPORT ""
| #define PACKAGE_URL ""
| #define PACKAGE "wdict"
| #define VERSION "0.1"
| #define GETTEXT_PACKAGE "wdict"
| /* end confdefs.h.  */
| #include <ac_nonexistent.h>
configure:4524: result: gcc -E
configure:4544: gcc -E  conftest.c
configure:4544: $? = 0
configure:4558: gcc -E  conftest.c
conftest.c:12:28: fatal error: ac_nonexistent.h: No such file or directory
 #include <ac_nonexistent.h>
                            ^
compilation terminated.
configure:4558: $? = 1
configure: failed program was:
| /* confdefs.h */
| #define PACKAGE_NAME "wdict"
| #define PACKAGE_TARNAME "wdict"
| #define PACKAGE_VERSION "0.1"
| #define PACKAGE_STRING "wdict 0.1"
| #define PACKAGE_BUGREPORT ""
| #define PACKAGE_URL ""
| #define PACKAGE "wdict"
| #define VERSION "0.1"
| #define GETTEXT_PACKAGE "wdict"
| /* end confdefs.h.  */
| #include <ac_nonexistent.h>
configure:4587: checking for grep that handles long lines and -e
configure:4645: result: /bin/grep
configure:4650: checking for egrep
configure:4712: result: /bin/grep -E
configure:4717: checking for ANSI C header files
configure:4737: gcc -c -g -O0  conftest.c >&5
configure:4737: $? = 0
configure:4810: gcc -o conftest -g -O0   conftest.c  >&5
configure:4810: $? = 0
configure:4810: ./conftest
configure:4810: $? = 0
configure:4821: result: yes
configure:4834: checking for sys/types.h
configure:4834: gcc -c -g -O0  conftest.c >&5
configure:4834: $? = 0
configure:4834: result: yes
configure:4834: checking for sys/stat.h
configure:4834: gcc -c -g -O0  conftest.c >&5
configure:4834: $? = 0
configure:4834: result: yes
configure:4834: checking for stdlib.h
configure:4834: gcc -c -g -O0  conftest.c >&5
configure:4834: $? = 0
configure:4834: result: yes
configure:4834: checking for string.h
configure:4834: gcc -c -g -O0  conftest.c >&5
configure:4834: $? = 0
configure:4834: result: yes
configure:4834: checking for memory.h
configure:4834: gcc -c -g -O0  conftest.c >&5
configure:4834: $? = 0
configure:4834: result: yes
configure:4834: checking for strings.h
configure:4834: gcc -c -g -O0  conftest.c >&5
configure:4834: $? = 0
configure:4834: result: yes
configure:4834: checking for inttypes.h
configure:4834: gcc -c -g -O0  conftest.c >&5
configure:4834: $? = 0
configure:4834: result: yes
configure:4834: checking for stdint.h
configure:4834: gcc -c -g -O0  conftest.c >&5
configure:4834: $? = 0
configure:4834: result: yes
configure:4834: checking for unistd.h
configure:4834: gcc -c -g -O0  conftest.c >&5
configure:4834: $? = 0
configure:4834: result: yes
configure:4849: checking locale.h usability
configure:4849: gcc -c -g -O0  conftest.c >&5
configure:4849: $? = 0
configure:4849: result: yes
configure:4849: checking locale.h presence
configure:4849: gcc -E  conftest.c
configure:4849: $? = 0
configure:4849: result: yes
configure:4849: checking for locale.h
configure:4849: result: yes
configure:4860: checking for LC_MESSAGES
configure:4876: gcc -o conftest -g -O0   conftest.c  >&5
configure:4876: $? = 0
configure:4884: result: yes
configure:4901: checking libintl.h usability
configure:4901: gcc -c -g -O0  conftest.c >&5
configure:4901: $? = 0
configure:4901: result: yes
configure:4901: checking libintl.h presence
configure:4901: gcc -E  conftest.c
configure:4901: $? = 0
configure:4901: result: yes
configure:4901: checking for libintl.h
configure:4901: result: yes
configure:4909: checking for ngettext in libc
configure:4927: gcc -o conftest -g -O0   conftest.c  >&5
configure:4927: $? = 0
configure:4936: result: yes
configure:4940: checking for dgettext in libc
configure:4958: gcc -o conftest -g -O0   conftest.c  >&5
configure:4958: $? = 0
configure:4967: result: yes
configure:4974: checking for bind_textdomain_codeset
configure:4974: gcc -o conftest -g -O0   conftest.c  >&5
configure:4974: $? = 0
configure:4974: result: yes
configure:5250: checking for msgfmt
configure:5277: result: /usr/bin/msgfmt
configure:5288: checking for dcgettext
configure:5288: gcc -o conftest -g -O0   conftest.c   >&5
conftest.c:49:6: warning: conflicting types for built-in function 'dcgettext' [enabled by default]
 char dcgettext ();
      ^
configure:5288: $? = 0
configure:5288: result: yes
configure:5298: checking if msgfmt accepts -c
configure:5313: $MSGFMT -c -o /dev/null conftest.foo
configure:5316: $? = 0
configure:5318: result: yes
configure:5328: checking for gmsgfmt
configure:5359: result: /usr/bin/msgfmt
configure:5369: checking for xgettext
configure:5396: result: /usr/bin/xgettext
configure:5415: gcc -o conftest -g -O0   conftest.c   >&5
configure:5415: $? = 0
configure:5588: checking build system type
configure:5602: result: x86_64-unknown-linux-gnu
configure:5622: checking host system type
configure:5635: result: x86_64-unknown-linux-gnu
configure:5676: checking how to print strings
configure:5703: result: printf
configure:5724: checking for a sed that does not truncate output
configure:5788: result: /bin/sed
configure:5806: checking for fgrep
configure:5868: result: /bin/grep -F
configure:5903: checking for ld used by gcc
configure:5970: result: /usr/bin/ld
configure:5977: checking if the linker (/usr/bin/ld) is GNU ld
configure:5992: result: yes
configure:6004: checking for BSD- or MS-compatible name lister (nm)
configure:6053: result: /usr/bin/nm -B
configure:6183: checking the name lister (/usr/bin/nm -B) interface
configure:6190: gcc -c -g -O0  conftest.c >&5
configure:6193: /usr/bin/nm -B "conftest.o"
configure:6196: output
0000000000000000 B some_variable
configure:6203: result: BSD nm
configure:6206: checking whether ln -s works
configure:6210: result: yes
configure:6218: checking the maximum length of command line arguments
configure:6349: result: 1572864
configure:6366: checking whether the shell understands some XSI constructs
configure:6376: result: yes
configure:6380: checking whether the shell understands "+="
configure:6386: result: yes
configure:6421: checking how to convert x86_64-unknown-linux-gnu file names to x86_64-unknown-linux-gnu format
configure:6461: result: func_convert_file_noop
configure:6468: checking how to convert x86_64-unknown-linux-gnu file names to toolchain format
configure:6488: result: func_convert_file_noop
configure:6495: checking for /usr/bin/ld option to reload object files
configure:6502: result: -r
configure:6576: checking for objdump
configure:6592: found /usr/bin/objdump
configure:6603: result: objdump
configure:6635: checking how to recognize dependent libraries
configure:6833: result: pass_all
configure:6918: checking for dlltool
configure:6948: result: no
configure:6978: checking how to associate runtime and link libraries
configure:7005: result: printf %s\n
configure:7065: checking for ar
configure:7081: found /usr/bin/ar
configure:7092: result: ar
configure:7129: checking for archiver @FILE support
configure:7146: gcc -c -g -O0  conftest.c >&5
configure:7146: $? = 0
configure:7149: ar cru libconftest.a @conftest.lst >&5
configure:7152: $? = 0
configure:7157: ar cru libconftest.a @conftest.lst >&5
ar: conftest.o: No such file or directory
configure:7160: $? = 1
configure:7172: result: @
configure:7230: checking for strip
configure:7246: found /usr/bin/strip
configure:7257: result: strip
configure:7329: checking for ranlib
configure:7345: found /usr/bin/ranlib
configure:7356: result: ranlib
configure:7458: checking command to parse /usr/bin/nm -B output from gcc object
configure:7578: gcc -c -g -O0  conftest.c >&5
configure:7581: $? = 0
configure:7585: /usr/bin/nm -B conftest.o \| sed -n -e 's/^.*[ ]\([ABCDGIRSTW][ABCDGIRSTW]*\)[ ][ ]*\([_A-Za-z][_A-Za-z0-9]*\)$/\1 \2 \2/p' | sed '/ __gnu_lto/d' \> conftest.nm
configure:7588: $? = 0
configure:7654: gcc -o conftest -g -O0   conftest.c conftstm.o >&5
configure:7657: $? = 0
configure:7695: result: ok
configure:7732: checking for sysroot
configure:7762: result: no
configure:7839: gcc -c -g -O0  conftest.c >&5
configure:7842: $? = 0
configure:8025: checking for mt
configure:8041: found /bin/mt
configure:8052: result: mt
configure:8075: checking if mt is a manifest tool
configure:8081: mt '-?'
configure:8089: result: no
configure:8728: checking for dlfcn.h
configure:8728: gcc -c -g -O0  conftest.c >&5
configure:8728: $? = 0
configure:8728: result: yes
configure:8934: checking for objdir
configure:8949: result: .libs
configure:9216: checking if gcc supports -fno-rtti -fno-exceptions
configure:9234: gcc -c -g -O0  -fno-rtti -fno-exceptions conftest.c >&5
cc1: warning: command line option '-fno-rtti' is valid for C++/ObjC++ but not for C [enabled by default]
configure:9238: $? = 0
configure:9251: result: no
configure:9578: checking for gcc option to produce PIC
configure:9585: result: -fPIC -DPIC
configure:9593: checking if gcc PIC flag -fPIC -DPIC works
configure:9611: gcc -c -g -O0  -fPIC -DPIC -DPIC conftest.c >&5
configure:9615: $? = 0
configure:9628: result: yes
configure:9657: checking if gcc static flag -static works
configure:9685: result: yes
configure:9700: checking if gcc supports -c -o file.o
configure:9721: gcc -c -g -O0  -o out/conftest2.o conftest.c >&5
configure:9725: $? = 0
configure:9747: result: yes
configure:9755: checking if gcc supports -c -o file.o
configure:9802: result: yes
configure:9835: checking whether the gcc linker (/usr/bin/ld -m elf_x86_64) supports shared libraries
configure:10992: result: yes
configure:11029: checking whether -lc should be explicitly linked in
configure:11037: gcc -c -g -O0  conftest.c >&5
configure:11040: $? = 0
configure:11055: gcc -shared  -fPIC -DPIC conftest.o  -v -Wl,-soname -Wl,conftest -o conftest 2\>\&1 \| /bin/grep  -lc  \>/dev/null 2\>\&1
configure:11058: $? = 0
configure:11072: result: no
configure:11232: checking dynamic linker characteristics
configure:11732: gcc -o conftest -g -O0   -Wl,-rpath -Wl,/foo conftest.c  >&5
configure:11732: $? = 0
configure:11966: result: GNU/Linux ld.so
configure:12073: checking how to hardcode library paths into programs
configure:12098: result: immediate
configure:12638: checking whether stripping libraries is possible
configure:12643: result: yes
configure:12678: checking if libtool supports shared libraries
configure:12680: result: yes
configure:12683: checking whether to build shared libraries
configure:12704: result: yes
configure:12707: checking whether to build static libraries
configure:12711: result: yes
configure:12804: checking for pkg-config
configure:12822: found /usr/bin/pkg-config
configure:12834: result: /usr/bin/pkg-config
configure:12859: checking pkg-config is at least version 0.9.0
configure:12862: result: yes
configure:12872: checking for WDICT
configure:12882: $PKG_CONFIG --exists --print-errors "appindicator3-0.1
libsoup-2.4
json-glib-1.0
gtk+-3.0 "
configure:12888: $? = 0
configure:12908: $PKG_CONFIG --exists --print-errors "appindicator3-0.1
libsoup-2.4
json-glib-1.0
gtk+-3.0 "
configure:12914: $? = 0
configure:12984: result: yes
configure:13103: checking that generated files are newer than configure
configure:13109: result: done
configure:13136: creating ./config.status

## ---------------------- ##
## Running config.status. ##
## ---------------------- ##

This file was extended by wdict config.status 0.1, which was
generated by GNU Autoconf 2.69.  Invocation command line was

  CONFIG_FILES    = 
  CONFIG_HEADERS  = 
  CONFIG_LINKS    = 
  CONFIG_COMMANDS = 
  $ ./config.status 

on thunder

config.status:1169: creating Makefile
config.status:1169: creating src/Makefile
config.status:1169: creating po/Makefile.in
config.status:1169: creating data/Makefile
config.status:1169: creating config.h
config.status:1383: executing depfiles commands
config.status:1383: executing default-1 commands
config.status:1383: executing libtool commands
config.status:1383: executing po/stamp-it commands
configure:15385: WARNING: unrecognized options: --enable-maintainer-mode

## ---------------- ##
## Cache variables. ##
## ---------------- ##

ac_cv_build=x86_64-unknown-linux-gnu
ac_cv_c_compiler_gnu=yes
ac_cv_env_CC_set=
ac_cv_env_CC_value=
ac_cv_env_CFLAGS_set=set
ac_cv_env_CFLAGS_value='-g -O0'
ac_cv_env_CPPFLAGS_set=
ac_cv_env_CPPFLAGS_value=
ac_cv_env_CPP_set=
ac_cv_env_CPP_value=
ac_cv_env_LDFLAGS_set=
ac_cv_env_LDFLAGS_value=
ac_cv_env_LIBS_set=
ac_cv_env_LIBS_value=
ac_cv_env_PKG_CONFIG_LIBDIR_set=
ac_cv_env_PKG_CONFIG_LIBDIR_value=
ac_cv_env_PKG_CONFIG_PATH_set=
ac_cv_env_PKG_CONFIG_PATH_value=
ac_cv_env_PKG_CONFIG_set=
ac_cv_env_PKG_CONFIG_value=
ac_cv_env_WDICT_CFLAGS_set=
ac_cv_env_WDICT_CFLAGS_value=
ac_cv_env_WDICT_LIBS_set=
ac_cv_env_WDICT_LIBS_value=
ac_cv_env_build_alias_set=
ac_cv_env_build_alias_value=
ac_cv_env_host_alias_set=
ac_cv_env_host_alias_value=
ac_cv_env_target_alias_set=
ac_cv_env_target_alias_value=
ac_cv_func_bind_textdomain_codeset=yes
ac_cv_func_dcgettext=yes
ac_cv_header_dlfcn_h=yes
ac_cv_header_inttypes_h=yes
ac_cv_header_libintl_h=yes
ac_cv_header_locale_h=yes
ac_cv_header_memory_h=yes
ac_cv_header_stdc=yes
ac_cv_header_stdint_h=yes
ac_cv_header_stdlib_h=yes
ac_cv_header_string_h=yes
ac_cv_header_strings_h=yes
ac_cv_header_sys_stat_h=yes
ac_cv_header_sys_types_h=yes
ac_cv_header_unistd_h=yes
ac_cv_host=x86_64-unknown-linux-gnu
ac_cv_objext=o
ac_cv_path_EGREP='/bin/grep -E'
ac_cv_path_FGREP='/bin/grep -F'
ac_cv_path_GMSGFMT=/usr/bin/msgfmt
ac_cv_path_GREP=/bin/grep
ac_cv_path_INTLTOOL_EXTRACT=/usr/bin/intltool-extract
ac_cv_path_INTLTOOL_MERGE=/usr/bin/intltool-merge
ac_cv_path_INTLTOOL_PERL=/usr/bin/perl
ac_cv_path_INTLTOOL_UPDATE=/usr/bin/intltool-update
ac_cv_path_MSGFMT=/usr/bin/msgfmt
ac_cv_path_MSGMERGE=/usr/bin/msgmerge
ac_cv_path_SED=/bin/sed
ac_cv_path_XGETTEXT=/usr/bin/xgettext
ac_cv_path_ac_pt_PKG_CONFIG=/usr/bin/pkg-config
ac_cv_path_install='/usr/bin/install -c'
ac_cv_path_mkdir=/bin/mkdir
ac_cv_prog_AWK=gawk
ac_cv_prog_CPP='gcc -E'
ac_cv_prog_ac_ct_AR=ar
ac_cv_prog_ac_ct_CC=gcc
ac_cv_prog_ac_ct_MANIFEST_TOOL=mt
ac_cv_prog_ac_ct_OBJDUMP=objdump
ac_cv_prog_ac_ct_RANLIB=ranlib
ac_cv_prog_ac_ct_STRIP=strip
ac_cv_prog_cc_c89=
ac_cv_prog_cc_g=yes
ac_cv_prog_make_make_set=yes
am_cv_CC_dependencies_compiler_type=gcc3
am_cv_make_support_nested_variables=yes
am_cv_val_LC_MESSAGES=yes
gt_cv_func_dgettext_libc=yes
gt_cv_func_dgettext_libintl=no
gt_cv_func_ngettext_libc=yes
gt_cv_have_gettext=yes
lt_cv_ar_at_file=@
lt_cv_archive_cmds_need_lc=no
lt_cv_deplibs_check_method=pass_all
lt_cv_file_magic_cmd='$MAGIC_CMD'
lt_cv_file_magic_test_file=
lt_cv_ld_reload_flag=-r
lt_cv_nm_interface='BSD nm'
lt_cv_objdir=.libs
lt_cv_path_LD=/usr/bin/ld
lt_cv_path_NM='/usr/bin/nm -B'
lt_cv_path_mainfest_tool=no
lt_cv_prog_compiler_c_o=yes
lt_cv_prog_compiler_pic='-fPIC -DPIC'
lt_cv_prog_compiler_pic_works=yes
lt_cv_prog_compiler_rtti_exceptions=no
lt_cv_prog_compiler_static_works=yes
lt_cv_prog_gnu_ld=yes
lt_cv_sharedlib_from_linklib_cmd='printf %s\n'
lt_cv_shlibpath_overrides_runpath=no
lt_cv_sys_global_symbol_pipe='sed -n -e '\''s/^.*[	 ]\([ABCDGIRSTW][ABCDGIRSTW]*\)[	 ][	 ]*\([_A-Za-z][_A-Za-z0-9]*\)$/\1 \2 \2/p'\'' | sed '\''/ __gnu_lto/d'\'''
lt_cv_sys_global_symbol_to_c_name_address='sed -n -e '\''s/^: \([^ ]*\)[ ]*$/  {\"\1\", (void *) 0},/p'\'' -e '\''s/^[ABCDGIRSTW]* \([^ ]*\) \([^ ]*\)$/  {"\2", (void *) \&\2},/p'\'''
lt_cv_sys_global_symbol_to_c_name_address_lib_prefix='sed -n -e '\''s/^: \([^ ]*\)[ ]*$/  {\"\1\", (void *) 0},/p'\'' -e '\''s/^[ABCDGIRSTW]* \([^ ]*\) \(lib[^ ]*\)$/  {"\2", (void *) \&\2},/p'\'' -e '\''s/^[ABCDGIRSTW]* \([^ ]*\) \([^ ]*\)$/  {"lib\2", (void *) \&\2},/p'\'''
lt_cv_sys_global_symbol_to_cdecl='sed -n -e '\''s/^T .* \(.*\)$/extern int \1();/p'\'' -e '\''s/^[ABCDGIRSTW]* .* \(.*\)$/extern char \1;/p'\'''
lt_cv_sys_max_cmd_len=1572864
lt_cv_to_host_file_cmd=func_convert_file_noop
lt_cv_to_tool_file_cmd=func_convert_file_noop
pkg_cv_WDICT_CFLAGS='-pthread -I/usr/include/libappindicator3-0.1 -I/usr/include/libdbusmenu-glib-0.4 -I/usr/include/gtk-3.0 -I/usr/include/atk-1.0 -I/usr/include/at-spi2-atk/2.0 -I/usr/include/pango-1.0 -I/usr/include/gio-unix-2.0/ -I/usr/include/cairo -I/usr/include/gdk-pixbuf-2.0 -I/usr/include/glib-2.0 -I/usr/lib/x86_64-linux-gnu/glib-2.0/include -I/usr/include/harfbuzz -I/usr/include/freetype2 -I/usr/include/pixman-1 -I/usr/include/libpng12 -I/usr/include/libsoup-2.4 -I/usr/include/libxml2 -I/usr/include/json-glib-1.0  '
pkg_cv_WDICT_LIBS='-lappindicator3 -ldbusmenu-glib -lsoup-2.4 -ljson-glib-1.0 -lgtk-3 -lgdk-3 -latk-1.0 -lgio-2.0 -lpangocairo-1.0 -lgdk_pixbuf-2.0 -lcairo-gobject -lpango-1.0 -lcairo -lgobject-2.0 -lglib-2.0  '

## ----------------- ##
## Output variables. ##
## ----------------- ##

ACLOCAL='${SHELL} /home/wiky/Documents/CODE/Bazaar/wdict/missing aclocal-1.13'
ALL_LINGUAS=''
AMDEPBACKSLASH='\'
AMDEP_FALSE='#'
AMDEP_TRUE=''
AMTAR='$${TAR-tar}'
AM_BACKSLASH='\'
AM_DEFAULT_V='$(AM_DEFAULT_VERBOSITY)'
AM_DEFAULT_VERBOSITY='0'
AM_V='$(V)'
AR='ar'
AUTOCONF='${SHELL} /home/wiky/Documents/CODE/Bazaar/wdict/missing autoconf'
AUTOHEADER='${SHELL} /home/wiky/Documents/CODE/Bazaar/wdict/missing autoheader'
AUTOMAKE='${SHELL} /home/wiky/Documents/CODE/Bazaar/wdict/missing automake-1.13'
AWK='gawk'
CATALOGS=''
CATOBJEXT='.gmo'
CC='gcc'
CCDEPMODE='depmode=gcc3'
CFLAGS='-g -O0'
CPP='gcc -E'
CPPFLAGS=''
CYGPATH_W='echo'
DATADIRNAME='share'
DEFS='-DHAVE_CONFIG_H'
DEPDIR='.deps'
DLLTOOL='false'
DSYMUTIL=''
DUMPBIN=''
ECHO_C=''
ECHO_N='-n'
ECHO_T=''
EGREP='/bin/grep -E'
EXEEXT=''
FGREP='/bin/grep -F'
GETTEXT_PACKAGE='wdict'
GMOFILES=''
GMSGFMT='/usr/bin/msgfmt'
GREP='/bin/grep'
INSTALL_DATA='${INSTALL} -m 644'
INSTALL_PROGRAM='${INSTALL}'
INSTALL_SCRIPT='${INSTALL}'
INSTALL_STRIP_PROGRAM='$(install_sh) -c -s'
INSTOBJEXT='.mo'
INTLLIBS=''
INTLTOOL_CAVES_RULE='%.caves:     %.caves.in     $(INTLTOOL_MERGE) $(wildcard $(top_srcdir)/po/*.po) ; $(INTLTOOL_V_MERGE)LC_ALL=C $(INTLTOOL_MERGE) $(INTLTOOL_V_MERGE_OPTIONS) -d -u -c $(top_builddir)/po/.intltool-merge-cache $(top_srcdir)/po $< $@'
INTLTOOL_DESKTOP_RULE='%.desktop:   %.desktop.in   $(INTLTOOL_MERGE) $(wildcard $(top_srcdir)/po/*.po) ; $(INTLTOOL_V_MERGE)LC_ALL=C $(INTLTOOL_MERGE) $(INTLTOOL_V_MERGE_OPTIONS) -d -u -c $(top_builddir)/po/.intltool-merge-cache $(top_srcdir)/po $< $@'
INTLTOOL_DIRECTORY_RULE='%.directory: %.directory.in $(INTLTOOL_MERGE) $(wildcard $(top_srcdir)/po/*.po) ; $(INTLTOOL_V_MERGE)LC_ALL=C $(INTLTOOL_MERGE) $(INTLTOOL_V_MERGE_OPTIONS) -d -u -c $(top_builddir)/po/.intltool-merge-cache $(top_srcdir)/po $< $@'
INTLTOOL_EXTRACT='/usr/bin/intltool-extract'
INTLTOOL_KBD_RULE='%.kbd:       %.kbd.in       $(INTLTOOL_MERGE) $(wildcard $(top_srcdir)/po/*.po) ; $(INTLTOOL_V_MERGE)LC_ALL=C $(INTLTOOL_MERGE) $(INTLTOOL_V_MERGE_OPTIONS) -x -u -m -c $(top_builddir)/po/.intltool-merge-cache $(top_srcdir)/po $< $@'
INTLTOOL_KEYS_RULE='%.keys:      %.keys.in      $(INTLTOOL_MERGE) $(wildcard $(top_srcdir)/po/*.po) ; $(INTLTOOL_V_MERGE)LC_ALL=C $(INTLTOOL_MERGE) $(INTLTOOL_V_MERGE_OPTIONS) -k -u -c $(top_builddir)/po/.intltool-merge-cache $(top_srcdir)/po $< $@'
INTLTOOL_MERGE='/usr/bin/intltool-merge'
INTLTOOL_OAF_RULE='%.oaf:       %.oaf.in       $(INTLTOOL_MERGE) $(wildcard $(top_srcdir)/po/*.po) ; $(INTLTOOL_V_MERGE)LC_ALL=C $(INTLTOOL_MERGE) $(INTLTOOL_V_MERGE_OPTIONS) -o -p $(top_srcdir)/po $< $@'
INTLTOOL_PERL='/usr/bin/perl'
INTLTOOL_POLICY_RULE='%.policy:    %.policy.in    $(INTLTOOL_MERGE) $(wildcard $(top_srcdir)/po/*.po) ; $(INTLTOOL_V_MERGE)LC_ALL=C $(INTLTOOL_MERGE) $(INTLTOOL_V_MERGE_OPTIONS) -x -u -c $(top_builddir)/po/.intltool-merge-cache $(top_srcdir)/po $< $@'
INTLTOOL_PONG_RULE='%.pong:      %.pong.in      $(INTLTOOL_MERGE) $(wildcard $(top_srcdir)/po/*.po) ; $(INTLTOOL_V_MERGE)LC_ALL=C $(INTLTOOL_MERGE) $(INTLTOOL_V_MERGE_OPTIONS) -x -u -c $(top_builddir)/po/.intltool-merge-cache $(top_srcdir)/po $< $@'
INTLTOOL_PROP_RULE='%.prop:      %.prop.in      $(INTLTOOL_MERGE) $(wildcard $(top_srcdir)/po/*.po) ; $(INTLTOOL_V_MERGE)LC_ALL=C $(INTLTOOL_MERGE) $(INTLTOOL_V_MERGE_OPTIONS) -d -u -c $(top_builddir)/po/.intltool-merge-cache $(top_srcdir)/po $< $@'
INTLTOOL_SCHEMAS_RULE='%.schemas:   %.schemas.in   $(INTLTOOL_MERGE) $(wildcard $(top_srcdir)/po/*.po) ; $(INTLTOOL_V_MERGE)LC_ALL=C $(INTLTOOL_MERGE) $(INTLTOOL_V_MERGE_OPTIONS) -s -u -c $(top_builddir)/po/.intltool-merge-cache $(top_srcdir)/po $< $@'
INTLTOOL_SERVER_RULE='%.server:    %.server.in    $(INTLTOOL_MERGE) $(wildcard $(top_srcdir)/po/*.po) ; $(INTLTOOL_V_MERGE)LC_ALL=C $(INTLTOOL_MERGE) $(INTLTOOL_V_MERGE_OPTIONS) -o -u -c $(top_builddir)/po/.intltool-merge-cache $(top_srcdir)/po $< $@'
INTLTOOL_SERVICE_RULE='%.service: %.service.in   $(INTLTOOL_MERGE) $(wildcard $(top_srcdir)/po/*.po) ; $(INTLTOOL_V_MERGE)LC_ALL=C $(INTLTOOL_MERGE) $(INTLTOOL_V_MERGE_OPTIONS) -d -u -c $(top_builddir)/po/.intltool-merge-cache $(top_srcdir)/po $< $@'
INTLTOOL_SHEET_RULE='%.sheet:     %.sheet.in     $(INTLTOOL_MERGE) $(wildcard $(top_srcdir)/po/*.po) ; $(INTLTOOL_V_MERGE)LC_ALL=C $(INTLTOOL_MERGE) $(INTLTOOL_V_MERGE_OPTIONS) -x -u -c $(top_builddir)/po/.intltool-merge-cache $(top_srcdir)/po $< $@'
INTLTOOL_SOUNDLIST_RULE='%.soundlist: %.soundlist.in $(INTLTOOL_MERGE) $(wildcard $(top_srcdir)/po/*.po) ; $(INTLTOOL_V_MERGE)LC_ALL=C $(INTLTOOL_MERGE) $(INTLTOOL_V_MERGE_OPTIONS) -d -u -c $(top_builddir)/po/.intltool-merge-cache $(top_srcdir)/po $< $@'
INTLTOOL_THEME_RULE='%.theme:     %.theme.in     $(INTLTOOL_MERGE) $(wildcard $(top_srcdir)/po/*.po) ; $(INTLTOOL_V_MERGE)LC_ALL=C $(INTLTOOL_MERGE) $(INTLTOOL_V_MERGE_OPTIONS) -d -u -c $(top_builddir)/po/.intltool-merge-cache $(top_srcdir)/po $< $@'
INTLTOOL_UI_RULE='%.ui:        %.ui.in        $(INTLTOOL_MERGE) $(wildcard $(top_srcdir)/po/*.po) ; $(INTLTOOL_V_MERGE)LC_ALL=C $(INTLTOOL_MERGE) $(INTLTOOL_V_MERGE_OPTIONS) -x -u -c $(top_builddir)/po/.intltool-merge-cache $(top_srcdir)/po $< $@'
INTLTOOL_UPDATE='/usr/bin/intltool-update'
INTLTOOL_V_MERGE='$(INTLTOOL__v_MERGE_$(V))'
INTLTOOL_V_MERGE_OPTIONS='$(intltool__v_merge_options_$(V))'
INTLTOOL_XAM_RULE='%.xam:       %.xml.in       $(INTLTOOL_MERGE) $(wildcard $(top_srcdir)/po/*.po) ; $(INTLTOOL_V_MERGE)LC_ALL=C $(INTLTOOL_MERGE) $(INTLTOOL_V_MERGE_OPTIONS) -x -u -c $(top_builddir)/po/.intltool-merge-cache $(top_srcdir)/po $< $@'
INTLTOOL_XML_NOMERGE_RULE='%.xml:       %.xml.in       $(INTLTOOL_MERGE) ; $(INTLTOOL_V_MERGE)LC_ALL=C $(INTLTOOL_MERGE) $(INTLTOOL_V_MERGE_OPTIONS) -x -u --no-translations $< $@'
INTLTOOL_XML_RULE='%.xml:       %.xml.in       $(INTLTOOL_MERGE) $(wildcard $(top_srcdir)/po/*.po) ; $(INTLTOOL_V_MERGE)LC_ALL=C $(INTLTOOL_MERGE) $(INTLTOOL_V_MERGE_OPTIONS) -x -u -c $(top_builddir)/po/.intltool-merge-cache $(top_srcdir)/po $< $@'
INTLTOOL__v_MERGE_0='@echo "  ITMRG " $@;'
INTLTOOL__v_MERGE_='$(INTLTOOL__v_MERGE_$(AM_DEFAULT_VERBOSITY))'
LD='/usr/bin/ld -m elf_x86_64'
LDFLAGS=''
LIBOBJS=''
LIBS=''
LIBTOOL='$(SHELL) $(top_builddir)/libtool'
LIPO=''
LN_S='ln -s'
LTLIBOBJS=''
MAKEINFO='${SHELL} /home/wiky/Documents/CODE/Bazaar/wdict/missing makeinfo'
MANIFEST_TOOL=':'
MKDIR_P='/bin/mkdir -p'
MKINSTALLDIRS='/home/wiky/Documents/CODE/Bazaar/wdict/mkinstalldirs'
MSGFMT='/usr/bin/msgfmt'
MSGFMT_OPTS='-c'
MSGMERGE='/usr/bin/msgmerge'
NM='/usr/bin/nm -B'
NMEDIT=''
OBJDUMP='objdump'
OBJEXT='o'
OTOOL64=''
OTOOL=''
PACKAGE='wdict'
PACKAGE_BUGREPORT=''
PACKAGE_NAME='wdict'
PACKAGE_STRING='wdict 0.1'
PACKAGE_TARNAME='wdict'
PACKAGE_URL=''
PACKAGE_VERSION='0.1'
PATH_SEPARATOR=':'
PKG_CONFIG='/usr/bin/pkg-config'
PKG_CONFIG_LIBDIR=''
PKG_CONFIG_PATH=''
POFILES=''
POSUB='po'
PO_IN_DATADIR_FALSE=''
PO_IN_DATADIR_TRUE=''
RANLIB='ranlib'
SED='/bin/sed'
SET_MAKE=''
SHELL='/bin/bash'
STRIP='strip'
USE_NLS='yes'
VERSION='0.1'
WDICT_CFLAGS='-pthread -I/usr/include/libappindicator3-0.1 -I/usr/include/libdbusmenu-glib-0.4 -I/usr/include/gtk-3.0 -I/usr/include/atk-1.0 -I/usr/include/at-spi2-atk/2.0 -I/usr/include/pango-1.0 -I/usr/include/gio-unix-2.0/ -I/usr/include/cairo -I/usr/include/gdk-pixbuf-2.0 -I/usr/include/glib-2.0 -I/usr/lib/x86_64-linux-gnu/glib-2.0/include -I/usr/include/harfbuzz -I/usr/include/freetype2 -I/usr/include/pixman-1 -I/usr/include/libpng12 -I/usr/include/libsoup-2.4 -I/usr/include/libxml2 -I/usr/include/json-glib-1.0  '
WDICT_LIBS='-lappindicator3 -ldbusmenu-glib -lsoup-2.4 -ljson-glib-1.0 -lgtk-3 -lgdk-3 -latk-1.0 -lgio-2.0 -lpangocairo-1.0 -lgdk_pixbuf-2.0 -lcairo-gobject -lpango-1.0 -lcairo -lgobject-2.0 -lglib-2.0  '
XGETTEXT='/usr/bin/xgettext'
ac_ct_AR='ar'
ac_ct_CC='gcc'
ac_ct_DUMPBIN=''
am__EXEEXT_FALSE=''
am__EXEEXT_TRUE='#'
am__fastdepCC_FALSE='#'
am__fastdepCC_TRUE=''
am__include='include'
am__isrc=' -I$(srcdir)'
am__leading_dot='.'
am__nodep='_no'
am__quote=''
am__tar='$${TAR-tar} chof - "$$tardir"'
am__untar='$${TAR-tar} xf -'
bindir='${exec_prefix}/bin'
build='x86_64-unknown-linux-gnu'
build_alias=''
build_cpu='x86_64'
build_os='linux-gnu'
build_vendor='unknown'
datadir='${datarootdir}'
datarootdir='${prefix}/share'
docdir='${datarootdir}/doc/${PACKAGE_TARNAME}'
dvidir='${docdir}'
exec_prefix='${prefix}'
host='x86_64-unknown-linux-gnu'
host_alias=''
host_cpu='x86_64'
host_os='linux-gnu'
host_vendor='unknown'
htmldir='${docdir}'
includedir='${prefix}/include'
infodir='${datarootdir}/info'
install_sh='${SHELL} /home/wiky/Documents/CODE/Bazaar/wdict/install-sh'
intltool__v_merge_options_0='-q'
intltool__v_merge_options_='$(intltool__v_merge_options_$(AM_DEFAULT_VERBOSITY))'
libdir='${exec_prefix}/lib'
libexecdir='${exec_prefix}/libexec'
localedir='${datarootdir}/locale'
localstatedir='${prefix}/var'
mandir='${datarootdir}/man'
mkdir_p='$(MKDIR_P)'
oldincludedir='/usr/include'
pdfdir='${docdir}'
prefix='/usr/local'
program_transform_name='s,x,x,'
psdir='${docdir}'
sbindir='${exec_prefix}/sbin'
sharedstatedir='${prefix}/com'
sysconfdir='${prefix}/etc'
target_alias=''

## ----------- ##
## confdefs.h. ##
## ----------- ##

/* confdefs.h */
#define PACKAGE_NAME "wdict"
#define PACKAGE_TARNAME "wdict"
#define PACKAGE_VERSION "0.1"
#define PACKAGE_STRING "wdict 0.1"
#define PACKAGE_BUGREPORT ""
#define PACKAGE_URL ""
#define PACKAGE "wdict"
#define VERSION "0.1"
#define GETTEXT_PACKAGE "wdict"
#define STDC_HEADERS 1
#define HAVE_SYS_TYPES_H 1
#define HAVE_SYS_STAT_H 1
#define HAVE_STDLIB_H 1
#define HAVE_STRING_H 1
#define HAVE_MEMORY_H 1
#define HAVE_STRINGS_H 1
#define HAVE_INTTYPES_H 1
#define HAVE_STDINT_H 1
#define HAVE_UNISTD_H 1
#define HAVE_LOCALE_H 1
#define HAVE_LC_MESSAGES 1
#define HAVE_BIND_TEXTDOMAIN_CODESET 1
#define HAVE_GETTEXT 1
#define HAVE_DCGETTEXT 1
#define ENABLE_NLS 1
#define HAVE_DLFCN_H 1
#define LT_OBJDIR ".libs/"

configure: exit 0

## ---------------------- ##
## Running config.status. ##
## ---------------------- ##

This file was extended by wdict config.status 0.1, which was
generated by GNU Autoconf 2.69.  Invocation command line was

  CONFIG_FILES    = 
  CONFIG_HEADERS  = 
  CONFIG_LINKS    = 
  CONFIG_COMMANDS = 
  $ ./config.status src/Makefile depfiles

on thunder

config.status:1169: creating src/Makefile
config.status:1383: executing depfiles commands
